app/build/outputs/mapping/release/seeds.txt
com.apache.fastandroid.MainActivity
com.apache.fastandroid.MainActivity: MainActivity()
com.apache.fastandroid.MainActivity: void setContentView(android.view.View)
com.apache.fastandroid.MainActivity: void onClick(android.view.View)
com.apache.fastandroid.R$anim
com.apache.fastandroid.R$anim: int abc_fade_in
com.apache.fastandroid.R$anim: int abc_fade_out
com.apache.fastandroid.R$anim: int abc_grow_fade_in_from_bottom
com.apache.fastandroid.R$anim: int abc_popup_enter
com.apache.fastandroid.R$anim: int abc_popup_exit
com.apache.fastandroid.R$anim: int abc_shrink_fade_out_from_bottom
com.apache.fastandroid.R$anim: int abc_slide_in_bottom
com.apache.fastandroid.R$anim: int abc_slide_in_top
com.apache.fastandroid.R$anim: int abc_slide_out_bottom
com.apache.fastandroid.R$anim: int abc_slide_out_top
com.apache.fastandroid.R$anim: int decelerate_cubic
com.apache.fastandroid.R$anim: int design_bottom_sheet_slide_in
com.apache.fastandroid.R$anim: int design_bottom_sheet_slide_out
com.apache.fastandroid.R$anim: int design_snackbar_in
com.apache.fastandroid.R$anim: int design_snackbar_out
com.apache.fastandroid.R$anim: int popup_enter
com.apache.fastandroid.R$anim: int popup_exit
com.apache.fastandroid.R$anim: int sheet_hide
com.apache.fastandroid.R$anim: int sheet_show
com.apache.fastandroid.R$anim: int tooltip_enter
com.apache.fastandroid.R$anim: int tooltip_exit
com.apache.fastandroid.R$anim: R$anim()
com.apache.fastandroid.R$animator
com.apache.fastandroid.R$animator: int design_appbar_state_list_animator
com.apache.fastandroid.R$animator: R$animator()
com.apache.fastandroid.R$array
com.apache.fastandroid.R$array: int news_channel_id
com.apache.fastandroid.R$array: int news_channel_id_static
com.apache.fastandroid.R$array: int news_channel_name
com.apache.fastandroid.R$array: int news_channel_name_static
com.apache.fastandroid.R$array: int prefValues
com.apache.fastandroid.R$array: R$array()
com.apache.fastandroid.R$attr
com.apache.fastandroid.R$attr: int MDbuttonSelector
com.apache.fastandroid.R$attr: int SwipeBackLayoutStyle
com.apache.fastandroid.R$attr: int actionBarDivider
com.apache.fastandroid.R$attr: int actionBarItemBackground
com.apache.fastandroid.R$attr: int actionBarPopupTheme
com.apache.fastandroid.R$attr: int actionBarSize
com.apache.fastandroid.R$attr: int actionBarSplitStyle
com.apache.fastandroid.R$attr: int actionBarStyle
com.apache.fastandroid.R$attr: int actionBarTabBarStyle
com.apache.fastandroid.R$attr: int actionBarTabStyle
com.apache.fastandroid.R$attr: int actionBarTabTextStyle
com.apache.fastandroid.R$attr: int actionBarTheme
com.apache.fastandroid.R$attr: int actionBarWidgetTheme
com.apache.fastandroid.R$attr: int actionButtonStyle
com.apache.fastandroid.R$attr: int actionDropDownStyle
com.apache.fastandroid.R$attr: int actionLayout
com.apache.fastandroid.R$attr: int actionMenuTextAppearance
com.apache.fastandroid.R$attr: int actionMenuTextColor
com.apache.fastandroid.R$attr: int actionModeBackground
com.apache.fastandroid.R$attr: int actionModeCloseButtonStyle
com.apache.fastandroid.R$attr: int actionModeCloseDrawable
com.apache.fastandroid.R$attr: int actionModeCopyDrawable
com.apache.fastandroid.R$attr: int actionModeCutDrawable
com.apache.fastandroid.R$attr: int actionModeFindDrawable
com.apache.fastandroid.R$attr: int actionModePasteDrawable
com.apache.fastandroid.R$attr: int actionModePopupWindowStyle
com.apache.fastandroid.R$bool
com.apache.fastandroid.R$bool: int abc_action_bar_embed_tabs
com.apache.fastandroid.R$bool: int abc_allow_stacked_button_bar
com.apache.fastandroid.R$bool: int abc_config_actionMenuItemAllCaps
com.apache.fastandroid.R$bool: int abc_config_closeDialogWhenTouchOutside
com.apache.fastandroid.R$bool: int abc_config_showMenuShortcutsWhenKeyboardPresent
com.apache.fastandroid.R$bool: int md_is_tablet
com.apache.fastandroid.R$bool: R$bool()
...
scala.concurrent.forkjoin.RecursiveTask: long serialVersionUID
scala.concurrent.forkjoin.ThreadLocalRandom: long serialVersionUID
scala.io.BufferedSource$$anonfun$iter$1: long serialVersionUID
scala.io.BufferedSource$$anonfun$iter$1$$anonfun$apply$mcI$sp$1: long serialVersionUID
scala.io.BufferedSource$$anonfun$iter$2: long serialVersionUID
scala.io.BufferedSource$$anonfun$iter$3: long serialVersionUID
scala.io.Codec$$anonfun$1: long serialVersionUID
scala.io.Source$$anonfun$1: long serialVersionUID
scala.io.Source$$anonfun$2: long serialVersionUID
scala.io.Source$$anonfun$3: long serialVersionUID
scala.io.Source$$anonfun$fromFile$1: long serialVersionUID
scala.io.Source$$anonfun$fromFile$2: long serialVersionUID
scala.io.Source$$anonfun$fromIterable$1: long serialVersionUID
scala.io.Source$$anonfun$spaces$1: long serialVersionUID
scala.math.BigDecimal$: java.lang.Object readResolve()
scala.math.BigDecimal$$anonfun$equals$1: long serialVersionUID
scala.math.BigDecimal$$anonfun$isValidByte$1: long serialVersionUID
scala.math.BigDecimal$$anonfun$isValidInt$1: long serialVersionUID
scala.math.BigDecimal$$anonfun$isValidLong$1: long serialVersionUID
scala.math.BigDecimal$$anonfun$isValidShort$1: long serialVersionUID
scala.math.BigDecimal$$anonfun$to$1: long serialVersionUID
scala.math.BigDecimal$$anonfun$until$1: long serialVersionUID
scala.math.BigInt$: java.lang.Object readResolve()
scala.math.Equiv$: java.lang.Object readResolve()
scala.math.Equiv$$anonfun$by$1: long serialVersionUID
scala.math.Fractional$: java.lang.Object readResolve()
scala.math.Integral$: java.lang.Object readResolve()
scala.math.Numeric$: java.lang.Object readResolve()
scala.math.Numeric$BigDecimalAsIfIntegral$: java.lang.Object readResolve()
scala.math.Numeric$BigDecimalIsFractional$: java.lang.Object readResolve()
scala.math.Numeric$BigIntIsIntegral$: java.lang.Object readResolve()
scala.math.Numeric$ByteIsIntegral$: java.lang.Object readResolve()
scala.math.Numeric$CharIsIntegral$: java.lang.Object readResolve()
scala.math.Numeric$DoubleAsIfIntegral$: java.lang.Object readResolve()
scala.math.Numeric$DoubleIsFractional$: java.lang.Object readResolve()
scala.math.Numeric$FloatAsIfIntegral$: java.lang.Object readResolve()
scala.math.Numeric$FloatIsFractional$: java.lang.Object readResolve()
scala.math.Numeric$IntIsIntegral$: java.lang.Object readResolve()
scala.math.Numeric$LongIsIntegral$: java.lang.Object readResolve()
scala.math.Numeric$ShortIsIntegral$: java.lang.Object readResolve()
scala.math.Ordering$: java.lang.Object readResolve()
scala.math.Ordering$$anonfun$by$1: long serialVersionUID
scala.math.Ordering$BigDecimal$: java.lang.Object readResolve()
scala.math.Ordering$BigInt$: java.lang.Object readResolve()
scala.math.Ordering$Boolean$: java.lang.Object readResolve()
scala.math.Ordering$Byte$: java.lang.Object readResolve()
scala.math.Ordering$Char$: java.lang.Object readResolve()
scala.math.Ordering$Double$: java.lang.Object readResolve()
scala.math.Ordering$Float$: java.lang.Object readResolve()
scala.math.Ordering$Int$: java.lang.Object readResolve()
scala.math.Ordering$Long$: java.lang.Object readResolve()
scala.math.Ordering$Short$: java.lang.Object readResolve()
scala.math.Ordering$String$: java.lang.Object readResolve()
scala.math.Ordering$Unit$: java.lang.Object readResolve()
scala.reflect.AnyValManifest: long serialVersionUID
scala.reflect.ClassManifestDeprecatedApis$$anonfun$subargs$1: long serialVersionUID
scala.reflect.ClassTag$: java.lang.Object readResolve()
scala.reflect.ManifestFactory$$anon$1: java.lang.Object readResolve()
scala.reflect.ManifestFactory$$anon$10: java.lang.Object readResolve()
scala.reflect.ManifestFactory$$anon$11: java.lang.Object readResolve()
scala.reflect.ManifestFactory$$anon$12: java.lang.Object readResolve()
scala.reflect.ManifestFactory$$anon$13: java.lang.Object readResolve()
scala.reflect.ManifestFactory$$anon$14: java.lang.Object readResolve()