app/build/outputs/mapping/release/mapping.txt
com.apache.fastandroid.ANRTestFragment -> com.apache.fastandroid.a:
    19:19:void <init>() -> <init>
    22:22:int inflateContentView() -> a
    27:41:void layoutInit(android.view.LayoutInflater,android.os.Bundle) -> a
    44:81:void testFastHandler() -> c
    19:19:void access$000(com.apache.fastandroid.ANRTestFragment) -> a
com.apache.fastandroid.ANRTestFragment$1 -> com.apache.fastandroid.a$1:
    com.apache.fastandroid.ANRTestFragment this$0 -> a
    29:29:void <init>(com.apache.fastandroid.ANRTestFragment) -> <init>
    32:33:void onClick(android.view.View) -> onClick
com.apache.fastandroid.ANRTestFragment$2 -> com.apache.fastandroid.a$2:
    com.apache.fastandroid.ANRTestFragment this$0 -> a
    35:35:void <init>(com.apache.fastandroid.ANRTestFragment) -> <init>
    38:39:void onClick(android.view.View) -> onClick
com.apache.fastandroid.ANRTestFragment$3 -> com.apache.fastandroid.a$3:
    com.apache.fastandroid.ANRTestFragment this$0 -> a
    45:45:void <init>(com.apache.fastandroid.ANRTestFragment) -> <init>
    48:55:void handleMessage(com.tesla.framework.component.handler.FMessage) -> a
com.apache.fastandroid.ANRTestFragment$4 -> com.apache.fastandroid.a$4:
    int val$finalI -> a
    com.tesla.framework.component.handler.FHandler val$handler -> b
    com.apache.fastandroid.ANRTestFragment this$0 -> c
    60:60:void <init>(com.apache.fastandroid.ANRTestFragment,int,com.tesla.framework.component.handler.FHandler) -> <init>
    63:75:void run() -> run
com.apache.fastandroid.MainActivity -> com.apache.fastandroid.MainActivity:
    android.support.v4.widget.DrawerLayout mDrawerLayout -> a
    android.support.design.widget.NavigationView mNavigationView -> b
    android.os.Handler mHandler -> e
    android.support.v7.app.ActionBarDrawerToggle drawerToggle -> f
    int selecteId -> g
    boolean canFinish -> h
    java.lang.String TAG -> c
    org.aspectj.lang.JoinPoint$StaticPart ajc$tjp_0 -> i
    49:316:void <init>() -> <init>
    70:78:void doJob() -> a
    87:90:void launch(android.app.Activity,com.apache.fastandroid.bean.UserBean) -> a
    94:94:int inflateContentView() -> f_
    99:124:void layoutInit(android.os.Bundle) -> a
    134:136:void setContentView(android.view.View) -> setContentView
    141:145:void onNewIntent(android.content.Intent) -> onNewIntent
    150:163:void loadMenuData() -> q
    171:174:void onSaveInstanceState(android.os.Bundle) -> onSaveInstanceState
    177:191:void setupDrawer(android.os.Bundle) -> b
    194:205:void setupNavigationView() -> r
    209:264:void onMenuItemClicked(int,java.lang.String) -> a
    273:273:void goToTopicActivity(int,java.lang.String) -> b
    286:286:boolean isDrawerOpened() -> c
    290:294:void closeDrawer() -> d
    299:303:void onPostCreate(android.os.Bundle) -> onPostCreate
    308:311:void setStatusBar() -> e
    319:333:boolean onBackClick() -> f
    343:343:void onConnected(com.tesla.framework.common.util.network.NetworkType) -> a
com.apache.fastandroid.MainActivity$1 -> com.apache.fastandroid.MainActivity$1:
    com.apache.fastandroid.MainActivity this$0 -> a
    60:60:void <init>(com.apache.fastandroid.MainActivity,android.os.Looper) -> <init>
    63:65:void handleMessage(android.os.Message) -> handleMessage
com.apache.fastandroid.MainActivity$2 -> com.apache.fastandroid.MainActivity$2:
    com.apache.fastandroid.MainActivity this$0 -> a
    70:70:void <init>(com.apache.fastandroid.MainActivity) -> <init>
    73:75:void run() -> run
com.apache.fastandroid.MainActivity$3 -> com.apache.fastandroid.MainActivity$3:
    com.apache.fastandroid.MainActivity this$0 -> a
    178:178:void <init>(com.apache.fastandroid.MainActivity,android.app.Activity,android.support.v4.widget.DrawerLayout,android.support.v7.widget.Toolbar,int,int) -> <init>
    181:183:void onDrawerClosed(android.view.View) -> onDrawerClosed
    186:187:void onDrawerOpened(android.view.View) -> onDrawerOpened
...
butterknife.Optional -> butterknife.Optional:
butterknife.R -> butterknife.R:
    9:9:void <init>() -> <init>
butterknife.Unbinder -> butterknife.Unbinder:
    butterknife.Unbinder EMPTY -> a
    9:9:void <clinit>() -> <clinit>
butterknife.Unbinder$1 -> butterknife.Unbinder$1:
    9:9:void <init>() -> <init>
caom.apache.fastandroid.artemis.R -> caom.apache.fastandroid.artemis.R:
caom.apache.fastandroid.artemis.R$anim -> caom.apache.fastandroid.artemis.R$anim:
    int abc_fade_in -> abc_fade_in
    int abc_fade_out -> abc_fade_out
    int abc_grow_fade_in_from_bottom -> abc_grow_fade_in_from_bottom
    int abc_popup_enter -> abc_popup_enter
    int abc_popup_exit -> abc_popup_exit
    int abc_shrink_fade_out_from_bottom -> abc_shrink_fade_out_from_bottom
    int abc_slide_in_bottom -> abc_slide_in_bottom
    int abc_slide_in_top -> abc_slide_in_top
    int abc_slide_out_bottom -> abc_slide_out_bottom
    int abc_slide_out_top -> abc_slide_out_top
    int decelerate_cubic -> decelerate_cubic
    int design_bottom_sheet_slide_in -> design_bottom_sheet_slide_in
    int design_bottom_sheet_slide_out -> design_bottom_sheet_slide_out
    int design_snackbar_in -> design_snackbar_in
    int design_snackbar_out -> design_snackbar_out
    int popup_enter -> popup_enter
    int popup_exit -> popup_exit
    int sheet_hide -> sheet_hide
    int sheet_show -> sheet_show
    int tooltip_enter -> tooltip_enter
    int tooltip_exit -> tooltip_exit
    10:10:void <init>() -> <init>
caom.apache.fastandroid.artemis.R$animator -> caom.apache.fastandroid.artemis.R$animator:
    int design_appbar_state_list_animator -> design_appbar_state_list_animator
    33:33:void <init>() -> <init>
caom.apache.fastandroid.artemis.R$array -> caom.apache.fastandroid.artemis.R$array:
    int prefValues -> prefValues
    36:36:void <init>() -> <init>
caom.apache.fastandroid.artemis.R$attr -> caom.apache.fastandroid.artemis.R$attr:
    int MDbuttonSelector -> MDbuttonSelector
    int SwipeBackLayoutStyle -> SwipeBackLayoutStyle
    int actionBarDivider -> actionBarDivider
    int actionBarItemBackground -> actionBarItemBackground
    int actionBarPopupTheme -> actionBarPopupTheme
    int actionBarSize -> actionBarSize
    int actionBarSplitStyle -> actionBarSplitStyle
    int actionBarStyle -> actionBarStyle
    int actionBarTabBarStyle -> actionBarTabBarStyle
    int actionBarTabStyle -> actionBarTabStyle
    int actionBarTabTextStyle -> actionBarTabTextStyle
    int actionBarTheme -> actionBarTheme
    int actionBarWidgetTheme -> actionBarWidgetTheme
    int actionButtonStyle -> actionButtonStyle
    int actionDropDownStyle -> actionDropDownStyle
    int actionLayout -> actionLayout
    int actionMenuTextAppearance -> actionMenuTextAppearance
    int actionMenuTextColor -> actionMenuTextColor
    int actionModeBackground -> actionModeBackground
    int actionModeCloseButtonStyle -> actionModeCloseButtonStyle
    int actionModeCloseDrawable -> actionModeCloseDrawable
    int actionModeCopyDrawable -> actionModeCopyDrawable
    int actionModeCutDrawable -> actionModeCutDrawable
    int actionModeFindDrawable -> actionModeFindDrawable
    int actionModePasteDrawable -> actionModePasteDrawable
    int actionModePopupWindowStyle -> actionModePopupWindowStyle
    int actionModeSelectAllDrawable -> actionModeSelectAllDrawable
caom.apache.fastandroid.artemis.R$bool -> caom.apache.fastandroid.artemis.R$bool:
    int abc_action_bar_embed_tabs -> abc_action_bar_embed_tabs
    int abc_allow_stacked_button_bar -> abc_allow_stacked_button_bar
    int abc_config_actionMenuItemAllCaps -> abc_config_actionMenuItemAllCaps
    int abc_config_closeDialogWhenTouchOutside -> abc_config_closeDialogWhenTouchOutside
    int abc_config_showMenuShortcutsWhenKeyboardPresent -> abc_config_showMenuShortcutsWhenKeyboardPresent
    int md_is_tablet -> md_is_tablet
    460:460:void <init>() -> <init>