app/build/outputs/mapping/release/usage.txt
com.apache.fastandroid.BuildConfig
com.apache.fastandroid.BuilderTest
com.apache.fastandroid.ConfigManager
com.apache.fastandroid.LogUtils
com.apache.fastandroid.MainActivity:
    128:129:public void getUser(com.apache.fastandroid.UserEvent)
com.apache.fastandroid.MainActivity$$Proxy
com.apache.fastandroid.R:
    10:10:public R()
com.apache.fastandroid.SplashActivity:
    private com.apache.fastandroid.widget.SplashCountDownView coutDownView
    android.widget.TextView splash_app_name
    55:56:private void testBlock()
com.apache.fastandroid.SplashActivity$$Proxy
com.apache.fastandroid.annotations.CostTime
com.apache.fastandroid.annotations.DebugTrace
com.apache.fastandroid.app.FastAndroidApplication:
    private static final java.lang.String client_id
    private static final java.lang.String client_secret
    195:195:public static android.content.Context getContext()
com.apache.fastandroid.app.FastAndroidApplication$1:
    99:101:public void onClick(java.lang.String,java.lang.String)
    105:107:public void onPageOpen(java.lang.String)
    111:113:public void onPageClose(java.lang.String)
com.apache.fastandroid.artemis.AppContext:
    12:12:public AppContext()
    16:19:public static void logout(android.content.Context)
    23:23:public static java.lang.String getUserName()
    43:43:public static boolean isNotLogined()
com.apache.fastandroid.artemis.BaseApp:
    12:12:public BaseApp()
    22:25:private static void checkContext()
    34:35:public static java.lang.String getFilePath()
    40:41:public static java.lang.String getCachePath()
    46:47:public static java.lang.String getExternalFilePath()
    52:53:public static java.lang.String getExternalCachePath()
com.apache.fastandroid.artemis.BaseBizLogic
com.apache.fastandroid.artemis.BaselibLogUtil
com.apache.fastandroid.artemis.CacheUtil
com.apache.fastandroid.artemis.HttpUrlConstants
com.apache.fastandroid.artemis.LibraryLog
com.apache.fastandroid.artemis.LoginActivity:
    21:23:public static void launch(android.app.Activity)
com.apache.fastandroid.artemis.TypeInfoManager
com.apache.fastandroid.artemis.TypeInfoManager$TypeInfoFlags
com.apache.fastandroid.artemis.api.TokenService
com.apache.fastandroid.artemis.base.BizFragment
com.apache.fastandroid.artemis.base.BizFragment$LoginAction
com.apache.fastandroid.artemis.bridge.ModularizationConstans
com.apache.fastandroid.artemis.bridge.RouterMap
com.apache.fastandroid.artemis.bridge.RouterMap$TOPIC
com.apache.fastandroid.artemis.componentService.topic.ITopicService:
    public abstract android.support.v4.app.Fragment getTopicTabsFragment()
com.apache.fastandroid.artemis.constant.AppConfig:
    8:8:public AppConfig()
com.apache.fastandroid.artemis.constant.Constants
com.apache.fastandroid.artemis.constant.Constants$OAUTH
com.apache.fastandroid.artemis.constant.FastModifiers
com.apache.fastandroid.artemis.constant.SPKeys
com.apache.fastandroid.artemis.enu.SilentMode
com.apache.fastandroid.artemis.exception.ApiException
com.apache.fastandroid.artemis.exception.ApiException$BizErrorCode
com.apache.fastandroid.artemis.exception.ApiException$ERROR
com.apache.fastandroid.artemis.exception.InitException
com.apache.fastandroid.artemis.http.BaseHttpUtility
com.apache.fastandroid.artemis.http.DownloadUploadUtils
com.apache.fastandroid.artemis.http.GlobalHttp:
    50:51:public com.apache.fastandroid.artemis.http.GlobalHttp setOkHttpClient(okhttp3.OkHttpClient)
    98:107:public com.apache.fastandroid.artemis.http.GlobalHttp setCache(java.lang.String,long)
    176:178:public varargs com.apache.fastandroid.artemis.http.GlobalHttp setSslSocketFactory(java.io.InputStream[])
    190:192:public varargs com.apache.fastandroid.artemis.http.GlobalHttp setSslSocketFactory(java.io.InputStream,java.lang.String,java.io.InputStream[])
    235:235:public static java.lang.Object createApi(java.lang.Class)
...
scala.runtime.RichShort$
scala.runtime.ScalaNumberProxy
scala.runtime.ScalaNumberProxy$class
scala.runtime.ScalaRunTime
scala.runtime.ScalaRunTime$
scala.runtime.ScalaRunTime$$anon$1
scala.runtime.ScalaRunTime$$anonfun$arrayToString$1$1
scala.runtime.ScalaRunTime$$anonfun$arrayToString$1$2
scala.runtime.ScalaRunTime$$anonfun$scala$runtime$ScalaRunTime$$inner$1$1
scala.runtime.ScalaRunTime$$anonfun$scala$runtime$ScalaRunTime$$inner$1$2
scala.runtime.ScalaRunTime$$anonfun$scala$runtime$ScalaRunTime$$inner$1$3
scala.runtime.ScalaRunTime$$anonfun$scala$runtime$ScalaRunTime$$inner$1$4
scala.runtime.ScalaRunTime$$anonfun$toArray$1
scala.runtime.ScalaWholeNumberProxy
scala.runtime.ScalaWholeNumberProxy$class
scala.runtime.SeqCharSequence
scala.runtime.ShortRef
scala.runtime.Statics
scala.runtime.StringAdd
scala.runtime.StringAdd$
scala.runtime.StringFormat
scala.runtime.StringFormat$
scala.runtime.TraitSetter
scala.runtime.Tuple2Zipped
scala.runtime.Tuple2Zipped$
scala.runtime.Tuple2Zipped$$anonfun$exists$extension$1
scala.runtime.Tuple2Zipped$$anonfun$filter$extension$1
scala.runtime.Tuple2Zipped$$anonfun$flatMap$extension$1
scala.runtime.Tuple2Zipped$$anonfun$forall$extension$1
scala.runtime.Tuple2Zipped$$anonfun$foreach$extension$1
scala.runtime.Tuple2Zipped$$anonfun$map$extension$1
scala.runtime.Tuple2Zipped$Ops
scala.runtime.Tuple2Zipped$Ops$
scala.runtime.Tuple3Zipped
scala.runtime.Tuple3Zipped$
scala.runtime.Tuple3Zipped$$anonfun$exists$extension$1
scala.runtime.Tuple3Zipped$$anonfun$filter$extension$1
scala.runtime.Tuple3Zipped$$anonfun$flatMap$extension$1
scala.runtime.Tuple3Zipped$$anonfun$forall$extension$1
scala.runtime.Tuple3Zipped$$anonfun$foreach$extension$1
scala.runtime.Tuple3Zipped$$anonfun$map$extension$1
scala.runtime.Tuple3Zipped$Ops
scala.runtime.Tuple3Zipped$Ops$
scala.runtime.VolatileBooleanRef
scala.runtime.VolatileByteRef
scala.runtime.VolatileCharRef
scala.runtime.VolatileDoubleRef
scala.runtime.VolatileFloatRef
scala.runtime.VolatileIntRef
scala.runtime.VolatileLongRef
scala.runtime.VolatileObjectRef
scala.runtime.VolatileShortRef
scala.runtime.ZippedTraversable2
scala.runtime.ZippedTraversable2$
scala.runtime.ZippedTraversable2$$anon$1
scala.runtime.ZippedTraversable3
scala.runtime.ZippedTraversable3$
scala.runtime.ZippedTraversable3$$anon$1
scala.runtime.package
scala.runtime.package$
scala.specialized
scala.sys.BooleanProp
scala.sys.BooleanProp$
scala.sys.BooleanProp$$anonfun$keyExists$1
scala.sys.BooleanProp$$anonfun$valueIsTrue$1
scala.sys.BooleanProp$BooleanPropImpl
scala.sys.BooleanProp$ConstantImpl
scala.sys.CreatorImpl
scala.sys.Prop
scala.sys.Prop$
scala.sys.Prop$Creator
scala.sys.Prop$DoubleProp$
scala.sys.Prop$DoubleProp$$anonfun$$lessinit$greater$4
scala.sys.Prop$FileProp$
scala.sys.Prop$FileProp$$anonfun$$lessinit$greater$1
scala.sys.Prop$IntProp$
scala.sys.Prop$IntProp$$anonfun$$lessinit$greater$3
scala.sys.Prop$StringProp$
scala.sys.Prop$StringProp$$anonfun$$lessinit$greater$2
scala.sys.PropImpl
scala.sys.PropImpl$$anonfun$get$1
scala.sys.ShutdownHookThread
scala.sys.ShutdownHookThread$
scala.sys.ShutdownHookThread$$anon$1
scala.sys.SystemProperties
scala.sys.SystemProperties$
scala.sys.SystemProperties$$anonfun$$minus$eq$1
scala.sys.SystemProperties$$anonfun$$plus$eq$1
scala.sys.SystemProperties$$anonfun$contains$1
scala.sys.SystemProperties$$anonfun$get$1
scala.sys.SystemProperties$$anonfun$help$1
scala.sys.SystemProperties$$anonfun$iterator$1
scala.sys.package
scala.sys.package$
scala.sys.process.BasicIO
scala.sys.process.BasicIO$
scala.sys.process.BasicIO$$anonfun$1
scala.sys.process.BasicIO$$anonfun$appendLine$1
scala.sys.process.BasicIO$$anonfun$input$1
scala.sys.process.BasicIO$$anonfun$processErrFully$1
scala.sys.process.BasicIO$$anonfun$processErrFully$1$$anonfun$apply$4
scala.sys.process.BasicIO$$anonfun$processFully$1
scala.sys.process.BasicIO$$anonfun$processFully$1$$anonfun$apply$6
scala.sys.process.BasicIO$$anonfun$processOutFully$1